This file contains any messages produced by compilers while
running configure, to aid debugging if configure makes a mistake.

It was created by configure, which was
generated by GNU Autoconf 2.57.  Invocation command line was

  $ ./configure --prefix=/usr/local --cache-file=/dev/null --srcdir=.

## --------- ##
## Platform. ##
## --------- ##

hostname = Lily
uname -m = x86_64
uname -r = 4.4.0-42-generic
uname -s = Linux
uname -v = #62-Ubuntu SMP Fri Oct 7 23:11:45 UTC 2016

/usr/bin/uname -p = unknown
/bin/uname -X     = unknown

/bin/arch              = unknown
/usr/bin/arch -k       = unknown
/usr/convex/getsysinfo = unknown
hostinfo               = unknown
/bin/machine           = unknown
/usr/bin/oslevel       = unknown
/bin/universe          = unknown

PATH: /home/david/bin
PATH: /home/david/.local/bin
PATH: /usr/local/sbin
PATH: /usr/local/bin
PATH: /usr/sbin
PATH: /usr/bin
PATH: /sbin
PATH: /bin
PATH: /usr/games
PATH: /usr/local/games
PATH: /snap/bin


## ----------- ##
## Core tests. ##
## ----------- ##

configure:1546: checking for a BSD-compatible install
configure:1600: result: /usr/bin/install -c
configure:1611: checking whether build environment is sane
configure:1654: result: yes
configure:1687: checking for gawk
configure:1703: found /usr/bin/gawk
configure:1713: result: gawk
configure:1723: checking whether make sets $(MAKE)
configure:1743: result: yes
configure:1946: checking for gcc
configure:1962: found /usr/bin/gcc
configure:1972: result: gcc
configure:2216: checking for C compiler version
configure:2219: gcc --version </dev/null >&5
gcc (Ubuntu 5.4.0-6ubuntu1~16.04.2) 5.4.0 20160609
Copyright (C) 2015 Free Software Foundation, Inc.
This is free software; see the source for copying conditions.  There is NO
warranty; not even for MERCHANTABILITY or FITNESS FOR A PARTICULAR PURPOSE.

configure:2222: $? = 0
configure:2224: gcc -v </dev/null >&5
Using built-in specs.
COLLECT_GCC=gcc
COLLECT_LTO_WRAPPER=/usr/lib/gcc/x86_64-linux-gnu/5/lto-wrapper
Target: x86_64-linux-gnu
Configured with: ../src/configure -v --with-pkgversion='Ubuntu 5.4.0-6ubuntu1~16.04.2' --with-bugurl=file:///usr/share/doc/gcc-5/README.Bugs --enable-languages=c,ada,c++,java,go,d,fortran,objc,obj-c++ --prefix=/usr --program-suffix=-5 --enable-shared --enable-linker-build-id --libexecdir=/usr/lib --without-included-gettext --enable-threads=posix --libdir=/usr/lib --enable-nls --with-sysroot=/ --enable-clocale=gnu --enable-libstdcxx-debug --enable-libstdcxx-time=yes --with-default-libstdcxx-abi=new --enable-gnu-unique-object --disable-vtable-verify --enable-libmpx --enable-plugin --with-system-zlib --disable-browser-plugin --enable-java-awt=gtk --enable-gtk-cairo --with-java-home=/usr/lib/jvm/java-1.5.0-gcj-5-amd64/jre --enable-java-home --with-jvm-root-dir=/usr/lib/jvm/java-1.5.0-gcj-5-amd64 --with-jvm-jar-dir=/usr/lib/jvm-exports/java-1.5.0-gcj-5-amd64 --with-arch-directory=amd64 --with-ecj-jar=/usr/share/java/eclipse-ecj.jar --enable-objc-gc --enable-multiarch --disable-werror --with-arch-32=i686 --with-abi=m64 --with-multilib-list=m32,m64,mx32 --enable-multilib --with-tune=generic --enable-checking=release --build=x86_64-linux-gnu --host=x86_64-linux-gnu --target=x86_64-linux-gnu
Thread model: posix
gcc version 5.4.0 20160609 (Ubuntu 5.4.0-6ubuntu1~16.04.2) 
configure:2227: $? = 0
configure:2229: gcc -V </dev/null >&5
gcc: error: unrecognized command line option '-V'
gcc: fatal error: no input files
compilation terminated.
configure:2232: $? = 1
configure:2256: checking for C compiler default output
configure:2259: gcc    conftest.c  >&5
configure:2262: $? = 0
configure:2308: result: a.out
configure:2313: checking whether the C compiler works
configure:2319: ./a.out
configure:2322: $? = 0
configure:2339: result: yes
configure:2346: checking whether we are cross compiling
configure:2348: result: no
configure:2351: checking for suffix of executables
configure:2353: gcc -o conftest    conftest.c  >&5
configure:2356: $? = 0
configure:2381: result: 
configure:2387: checking for suffix of object files
configure:2409: gcc -c   conftest.c >&5
configure:2412: $? = 0
configure:2434: result: o
configure:2438: checking whether we are using the GNU C compiler
configure:2463: gcc -c   conftest.c >&5
configure:2466: $? = 0
configure:2469: test -s conftest.o
configure:2472: $? = 0
configure:2485: result: yes
configure:2491: checking whether gcc accepts -g
configure:2513: gcc -c -g  conftest.c >&5
configure:2516: $? = 0
configure:2519: test -s conftest.o
configure:2522: $? = 0
configure:2533: result: yes
configure:2550: checking for gcc option to accept ANSI C
configure:2611: gcc  -c -g -O2  conftest.c >&5
configure:2614: $? = 0
configure:2617: test -s conftest.o
configure:2620: $? = 0
configure:2638: result: none needed
configure:2656: gcc -c -g -O2  conftest.c >&5
conftest.c:2:3: error: unknown type name 'choke'
   choke me
   ^
conftest.c:2:3: error: expected '=', ',', ';', 'asm' or '__attribute__' at end of input
configure:2659: $? = 1
configure: failed program was:
| #ifndef __cplusplus
|   choke me
| #endif
configure:2779: checking for style of include used by make
configure:2807: result: GNU
configure:2835: checking dependency style of gcc
configure:2903: result: gcc3
configure:2972: checking for g++
configure:2988: found /usr/bin/g++
configure:2998: result: g++
configure:3014: checking for C++ compiler version
configure:3017: g++ --version </dev/null >&5
g++ (Ubuntu 5.4.0-6ubuntu1~16.04.2) 5.4.0 20160609
Copyright (C) 2015 Free Software Foundation, Inc.
This is free software; see the source for copying conditions.  There is NO
warranty; not even for MERCHANTABILITY or FITNESS FOR A PARTICULAR PURPOSE.

configure:3020: $? = 0
configure:3022: g++ -v </dev/null >&5
Using built-in specs.
COLLECT_GCC=g++
COLLECT_LTO_WRAPPER=/usr/lib/gcc/x86_64-linux-gnu/5/lto-wrapper
Target: x86_64-linux-gnu
Configured with: ../src/configure -v --with-pkgversion='Ubuntu 5.4.0-6ubuntu1~16.04.2' --with-bugurl=file:///usr/share/doc/gcc-5/README.Bugs --enable-languages=c,ada,c++,java,go,d,fortran,objc,obj-c++ --prefix=/usr --program-suffix=-5 --enable-shared --enable-linker-build-id --libexecdir=/usr/lib --without-included-gettext --enable-threads=posix --libdir=/usr/lib --enable-nls --with-sysroot=/ --enable-clocale=gnu --enable-libstdcxx-debug --enable-libstdcxx-time=yes --with-default-libstdcxx-abi=new --enable-gnu-unique-object --disable-vtable-verify --enable-libmpx --enable-plugin --with-system-zlib --disable-browser-plugin --enable-java-awt=gtk --enable-gtk-cairo --with-java-home=/usr/lib/jvm/java-1.5.0-gcj-5-amd64/jre --enable-java-home --with-jvm-root-dir=/usr/lib/jvm/java-1.5.0-gcj-5-amd64 --with-jvm-jar-dir=/usr/lib/jvm-exports/java-1.5.0-gcj-5-amd64 --with-arch-directory=amd64 --with-ecj-jar=/usr/share/java/eclipse-ecj.jar --enable-objc-gc --enable-multiarch --disable-werror --with-arch-32=i686 --with-abi=m64 --with-multilib-list=m32,m64,mx32 --enable-multilib --with-tune=generic --enable-checking=release --build=x86_64-linux-gnu --host=x86_64-linux-gnu --target=x86_64-linux-gnu
Thread model: posix
gcc version 5.4.0 20160609 (Ubuntu 5.4.0-6ubuntu1~16.04.2) 
configure:3025: $? = 0
configure:3027: g++ -V </dev/null >&5
g++: error: unrecognized command line option '-V'
g++: fatal error: no input files
compilation terminated.
configure:3030: $? = 1
configure:3033: checking whether we are using the GNU C++ compiler
configure:3058: g++ -c   conftest.cc >&5
configure:3061: $? = 0
configure:3064: test -s conftest.o
configure:3067: $? = 0
configure:3080: result: yes
configure:3086: checking whether g++ accepts -g
configure:3108: g++ -c -g  conftest.cc >&5
configure:3111: $? = 0
configure:3114: test -s conftest.o
configure:3117: $? = 0
configure:3128: result: yes
configure:3172: g++ -c -g -O2  conftest.cc >&5
configure:3175: $? = 0
configure:3178: test -s conftest.o
configure:3181: $? = 0
configure:3208: g++ -c -g -O2  conftest.cc >&5
configure: In function 'int main()':
configure:3203:9: error: 'exit' was not declared in this scope
configure:3211: $? = 1
configure: failed program was:
| #line 3191 "configure"
| /* confdefs.h.  */
| 
| #define PACKAGE_NAME ""
| #define PACKAGE_TARNAME ""
| #define PACKAGE_VERSION ""
| #define PACKAGE_STRING ""
| #define PACKAGE_BUGREPORT ""
| /* end confdefs.h.  */
| 
| int
| main ()
| {
| exit (42);
|   ;
|   return 0;
| }
configure:3172: g++ -c -g -O2  conftest.cc >&5
configure:3175: $? = 0
configure:3178: test -s conftest.o
configure:3181: $? = 0
configure:3208: g++ -c -g -O2  conftest.cc >&5
configure:3211: $? = 0
configure:3214: test -s conftest.o
configure:3217: $? = 0
configure:3242: checking dependency style of g++
configure:3310: result: gcc3
configure:3405: checking build system type
configure:3423: result: x86_64-unknown-linux-gnu
configure:3431: checking host system type
configure:3445: result: x86_64-unknown-linux-gnu
configure:3453: checking for a sed that does not truncate output
configure:3507: result: /bin/sed
configure:3510: checking for egrep
configure:3520: result: grep -E
configure:3536: checking for ld used by gcc
configure:3603: result: /usr/bin/ld
configure:3612: checking if the linker (/usr/bin/ld) is GNU ld
configure:3627: result: yes
configure:3632: checking for /usr/bin/ld option to reload object files
configure:3639: result: -r
configure:3648: checking for BSD-compatible nm
configure:3690: result: /usr/bin/nm -B
configure:3694: checking whether ln -s works
configure:3698: result: yes
configure:3705: checking how to recognise dependent libraries
configure:3905: result: file_magic ELF [0-9][0-9]*-bit [LM]SB (shared object|dynamic lib )
configure:3990: gcc -c -g -O2  conftest.c >&5
configure:3993: $? = 0
configure:4109: checking how to run the C preprocessor
configure:4145: gcc -E  conftest.c
configure:4151: $? = 0
configure:4183: gcc -E  conftest.c
configure:4185:28: fatal error: ac_nonexistent.h: No such file or directory
compilation terminated.
configure:4189: $? = 1
configure: failed program was:
| #line 4174 "configure"
| /* confdefs.h.  */
| 
| #define PACKAGE_NAME ""
| #define PACKAGE_TARNAME ""
| #define PACKAGE_VERSION ""
| #define PACKAGE_STRING ""
| #define PACKAGE_BUGREPORT ""
| #ifdef __cplusplus
| #include <stdlib.h>
| #endif
| /* end confdefs.h.  */
| #include <ac_nonexistent.h>
configure:4227: result: gcc -E
configure:4252: gcc -E  conftest.c
configure:4258: $? = 0
configure:4290: gcc -E  conftest.c
configure:4292:28: fatal error: ac_nonexistent.h: No such file or directory
compilation terminated.
configure:4296: $? = 1
configure: failed program was:
| #line 4281 "configure"
| /* confdefs.h.  */
| 
| #define PACKAGE_NAME ""
| #define PACKAGE_TARNAME ""
| #define PACKAGE_VERSION ""
| #define PACKAGE_STRING ""
| #define PACKAGE_BUGREPORT ""
| #ifdef __cplusplus
| #include <stdlib.h>
| #endif
| /* end confdefs.h.  */
| #include <ac_nonexistent.h>
configure:4339: checking for ANSI C header files
configure:4365: gcc -c -g -O2  conftest.c >&5
configure:4368: $? = 0
configure:4371: test -s conftest.o
configure:4374: $? = 0
configure:4466: gcc -o conftest -g -O2   conftest.c  >&5
configure: In function 'main':
configure:4462:7: warning: implicit declaration of function 'exit' [-Wimplicit-function-declaration]
   exit (0);
       ^
configure:4462:7: warning: incompatible implicit declaration of built-in function 'exit'
configure:4462:7: note: include '<stdlib.h>' or provide a declaration of 'exit'
configure:4463:3: warning: incompatible implicit declaration of built-in function 'exit'
configure:4463:3: note: include '<stdlib.h>' or provide a declaration of 'exit'
configure:4469: $? = 0
configure:4471: ./conftest
configure:4474: $? = 0
configure:4489: result: yes
configure:4513: checking for sys/types.h
configure:4530: gcc -c -g -O2  conftest.c >&5
configure:4533: $? = 0
configure:4536: test -s conftest.o
configure:4539: $? = 0
configure:4550: result: yes
configure:4513: checking for sys/stat.h
configure:4530: gcc -c -g -O2  conftest.c >&5
configure:4533: $? = 0
configure:4536: test -s conftest.o
configure:4539: $? = 0
configure:4550: result: yes
configure:4513: checking for stdlib.h
configure:4530: gcc -c -g -O2  conftest.c >&5
configure:4533: $? = 0
configure:4536: test -s conftest.o
configure:4539: $? = 0
configure:4550: result: yes
configure:4513: checking for string.h
configure:4530: gcc -c -g -O2  conftest.c >&5
configure:4533: $? = 0
configure:4536: test -s conftest.o
configure:4539: $? = 0
configure:4550: result: yes
configure:4513: checking for memory.h
configure:4530: gcc -c -g -O2  conftest.c >&5
configure:4533: $? = 0
configure:4536: test -s conftest.o
configure:4539: $? = 0
configure:4550: result: yes
configure:4513: checking for strings.h
configure:4530: gcc -c -g -O2  conftest.c >&5
configure:4533: $? = 0
configure:4536: test -s conftest.o
configure:4539: $? = 0
configure:4550: result: yes
configure:4513: checking for inttypes.h
configure:4530: gcc -c -g -O2  conftest.c >&5
configure:4533: $? = 0
configure:4536: test -s conftest.o
configure:4539: $? = 0
configure:4550: result: yes
configure:4513: checking for stdint.h
configure:4530: gcc -c -g -O2  conftest.c >&5
configure:4533: $? = 0
configure:4536: test -s conftest.o
configure:4539: $? = 0
configure:4550: result: yes
configure:4513: checking for unistd.h
configure:4530: gcc -c -g -O2  conftest.c >&5
configure:4533: $? = 0
configure:4536: test -s conftest.o
configure:4539: $? = 0
configure:4550: result: yes
configure:4576: checking dlfcn.h usability
configure:4589: gcc -c -g -O2  conftest.c >&5
configure:4592: $? = 0
configure:4595: test -s conftest.o
configure:4598: $? = 0
configure:4608: result: yes
configure:4612: checking dlfcn.h presence
configure:4623: gcc -E  conftest.c
configure:4629: $? = 0
configure:4648: result: yes
configure:4684: checking for dlfcn.h
configure:4691: result: yes
configure:4709: checking how to run the C++ preprocessor
configure:4741: g++ -E  conftest.cc
configure:4747: $? = 0
configure:4779: g++ -E  conftest.cc
configure:4792:28: fatal error: ac_nonexistent.h: No such file or directory
compilation terminated.
configure:4785: $? = 1
configure: failed program was:
| #line 4770 "configure"
| /* confdefs.h.  */
| 
| #define PACKAGE_NAME ""
| #define PACKAGE_TARNAME ""
| #define PACKAGE_VERSION ""
| #define PACKAGE_STRING ""
| #define PACKAGE_BUGREPORT ""
| #ifdef __cplusplus
| #include <stdlib.h>
| #endif
| #define STDC_HEADERS 1
| #define HAVE_SYS_TYPES_H 1
| #define HAVE_SYS_STAT_H 1
| #define HAVE_STDLIB_H 1
| #define HAVE_STRING_H 1
| #define HAVE_MEMORY_H 1
| #define HAVE_STRINGS_H 1
| #define HAVE_INTTYPES_H 1
| #define HAVE_STDINT_H 1
| #define HAVE_UNISTD_H 1
| #define HAVE_DLFCN_H 1
| /* end confdefs.h.  */
| #include <ac_nonexistent.h>
configure:4823: result: g++ -E
configure:4848: g++ -E  conftest.cc
configure:4854: $? = 0
configure:4886: g++ -E  conftest.cc
configure:4899:28: fatal error: ac_nonexistent.h: No such file or directory
compilation terminated.
configure:4892: $? = 1
configure: failed program was:
| #line 4877 "configure"
| /* confdefs.h.  */
| 
| #define PACKAGE_NAME ""
| #define PACKAGE_TARNAME ""
| #define PACKAGE_VERSION ""
| #define PACKAGE_STRING ""
| #define PACKAGE_BUGREPORT ""
| #ifdef __cplusplus
| #include <stdlib.h>
| #endif
| #define STDC_HEADERS 1
| #define HAVE_SYS_TYPES_H 1
| #define HAVE_SYS_STAT_H 1
| #define HAVE_STDLIB_H 1
| #define HAVE_STRING_H 1
| #define HAVE_MEMORY_H 1
| #define HAVE_STRINGS_H 1
| #define HAVE_INTTYPES_H 1
| #define HAVE_STDINT_H 1
| #define HAVE_UNISTD_H 1
| #define HAVE_DLFCN_H 1
| /* end confdefs.h.  */
| #include <ac_nonexistent.h>
configure:4986: checking for g77
configure:5015: result: no
configure:4986: checking for f77
configure:5002: found /usr/bin/f77
configure:5012: result: f77
configure:5027: checking for Fortran 77 compiler version
configure:5030: f77 --version </dev/null >&5
GNU Fortran (Ubuntu 5.4.0-6ubuntu1~16.04.2) 5.4.0 20160609
Copyright (C) 2015 Free Software Foundation, Inc.

GNU Fortran comes with NO WARRANTY, to the extent permitted by law.
You may redistribute copies of GNU Fortran
under the terms of the GNU General Public License.
For more information about these matters, see the file named COPYING

configure:5033: $? = 0
configure:5035: f77 -v </dev/null >&5
Using built-in specs.
COLLECT_GCC=f77
COLLECT_LTO_WRAPPER=/usr/lib/gcc/x86_64-linux-gnu/5/lto-wrapper
Target: x86_64-linux-gnu
Configured with: ../src/configure -v --with-pkgversion='Ubuntu 5.4.0-6ubuntu1~16.04.2' --with-bugurl=file:///usr/share/doc/gcc-5/README.Bugs --enable-languages=c,ada,c++,java,go,d,fortran,objc,obj-c++ --prefix=/usr --program-suffix=-5 --enable-shared --enable-linker-build-id --libexecdir=/usr/lib --without-included-gettext --enable-threads=posix --libdir=/usr/lib --enable-nls --with-sysroot=/ --enable-clocale=gnu --enable-libstdcxx-debug --enable-libstdcxx-time=yes --with-default-libstdcxx-abi=new --enable-gnu-unique-object --disable-vtable-verify --enable-libmpx --enable-plugin --with-system-zlib --disable-browser-plugin --enable-java-awt=gtk --enable-gtk-cairo --with-java-home=/usr/lib/jvm/java-1.5.0-gcj-5-amd64/jre --enable-java-home --with-jvm-root-dir=/usr/lib/jvm/java-1.5.0-gcj-5-amd64 --with-jvm-jar-dir=/usr/lib/jvm-exports/java-1.5.0-gcj-5-amd64 --with-arch-directory=amd64 --with-ecj-jar=/usr/share/java/eclipse-ecj.jar --enable-objc-gc --enable-multiarch --disable-werror --with-arch-32=i686 --with-abi=m64 --with-multilib-list=m32,m64,mx32 --enable-multilib --with-tune=generic --enable-checking=release --build=x86_64-linux-gnu --host=x86_64-linux-gnu --target=x86_64-linux-gnu
Thread model: posix
gcc version 5.4.0 20160609 (Ubuntu 5.4.0-6ubuntu1~16.04.2) 
configure:5038: $? = 0
configure:5040: f77 -V </dev/null >&5
f77: error: unrecognized command line option '-V'
f77: fatal error: no input files
compilation terminated.
configure:5043: $? = 1
configure:5050: checking whether we are using the GNU Fortran 77 compiler
configure:5064: f77 -c  conftest.F >&5
configure:5067: $? = 0
configure:5070: test -s conftest.o
configure:5073: $? = 0
configure:5086: result: yes
configure:5093: checking whether f77 accepts -g
configure:5105: f77 -c -g conftest.f >&5
configure:5108: $? = 0
configure:5111: test -s conftest.o
configure:5114: $? = 0
configure:5126: result: yes
configure:5154: checking the maximum length of command line arguments
configure:5213: result: 32768
configure:5224: checking command to parse /usr/bin/nm -B output from gcc object
configure:5313: gcc -c -g -O2  conftest.c >&5
configure:5316: $? = 0
configure:5320: /usr/bin/nm -B conftest.o \| sed -n -e 's/^.*[ 	]\([ABCDGISTW][ABCDGISTW]*\)[ 	][ 	]*\(\)\([_A-Za-z][_A-Za-z0-9]*\)$/\1 \2\3 \3/p' \> conftest.nm
configure:5323: $? = 0
configure:5375: gcc -o conftest -g -O2   conftest.c conftstm.o >&5
configure:5378: $? = 0
configure:5416: result: ok
configure:5420: checking for objdir
configure:5435: result: .libs
configure:5525: checking for ar
configure:5541: found /usr/bin/ar
configure:5552: result: ar
configure:5605: checking for ranlib
configure:5621: found /usr/bin/ranlib
configure:5632: result: ranlib
configure:5685: checking for strip
configure:5701: found /usr/bin/strip
configure:5712: result: strip
configure:5766: checking for file
configure:5819: result: /usr/bin/file
configure:5974: checking if gcc static flag  works
configure:5997: result: yes
configure:6014: checking if gcc supports -fno-rtti -fno-exceptions
configure:6032: gcc -c -g -O2  -fno-rtti -fno-exceptions conftest.c >&5
cc1: warning: command line option '-fno-rtti' is valid for C++/ObjC++ but not for C
configure:6036: $? = 0
configure:6047: result: no
configure:6062: checking for gcc option to produce PIC
configure:6239: result: -fPIC
configure:6246: checking if gcc PIC flag -fPIC works
configure:6264: gcc -c -g -O2  -fPIC -DPIC conftest.c >&5
configure:6268: $? = 0
configure:6279: result: yes
configure:6303: checking if gcc supports -c -o file.o
configure:6331: gcc -c -g -O2  -o out/conftest2.o conftest.c >&5
configure:6335: $? = 0
configure:6352: result: yes
configure:6378: checking whether the gcc linker (/usr/bin/ld -m elf_x86_64) supports shared libraries
configure:7172: result: yes
configure:7198: checking whether -lc should be explicitly linked in
configure:7203: gcc -c -g -O2  conftest.c >&5
configure:7206: $? = 0
configure:7220: gcc -shared conftest.o  -v -Wl,-soname -Wl,conftest -o conftest 2\>\&1 \| grep  -lc  \>/dev/null 2\>\&1
configure:7223: $? = 0
configure:7235: result: no
configure:7243: checking how to hardcode library paths into programs
configure:7268: result: immediate
configure:7282: checking whether stripping libraries is possible
configure:7287: result: yes
configure:7309: checking dynamic linker characteristics
configure:7820: result: GNU/Linux ld.so
configure:8546: checking if libtool supports shared libraries
configure:8548: result: yes
configure:8551: checking whether to build shared libraries
configure:8600: result: yes
configure:8603: checking whether to build static libraries
configure:8607: result: yes
configure:8698: creating libtool
configure:9242: checking for ld used by g++
configure:9309: result: /usr/bin/ld -m elf_x86_64
configure:9318: checking if the linker (/usr/bin/ld -m elf_x86_64) is GNU ld
configure:9333: result: no
configure:9384: checking whether the g++ linker (/usr/bin/ld -m elf_x86_64) supports shared libraries
configure:10179: result: yes
configure:10197: g++ -c -g -O2  conftest.cc >&5
configure:10200: $? = 0
configure:10296: checking for g++ option to produce PIC
configure:10548: result: -fPIC
configure:10555: checking if g++ PIC flag -fPIC works
configure:10573: g++ -c -g -O2  -fPIC -DPIC conftest.cc >&5
configure:10577: $? = 0
configure:10588: result: yes
configure:10612: checking if g++ supports -c -o file.o
configure:10640: g++ -c -g -O2  -o out/conftest2.o conftest.cc >&5
configure:10644: $? = 0
configure:10661: result: yes
configure:10687: checking whether the g++ linker (/usr/bin/ld -m elf_x86_64) supports shared libraries
configure:10712: result: yes
configure:10783: checking how to hardcode library paths into programs
configure:10808: result: immediate
configure:10822: checking whether stripping libraries is possible
configure:10827: result: yes
configure:10849: checking dynamic linker characteristics
configure:11360: result: GNU/Linux ld.so
configure:12559: checking if libtool supports shared libraries
configure:12561: result: yes
configure:12564: checking whether to build shared libraries
configure:12582: result: yes
configure:12585: checking whether to build static libraries
configure:12589: result: yes
configure:12601: checking for f77 option to produce PIC
configure:12778: result: -fPIC
configure:12785: checking if f77 PIC flag -fPIC works
configure:12803: f77 -c -g -O2 -fPIC conftest.f >&5
configure:12807: $? = 0
configure:12818: result: yes
configure:12842: checking if f77 supports -c -o file.o
configure:12870: f77 -c -g -O2 -o out/conftest2.o conftest.f >&5
configure:12874: $? = 0
configure:12891: result: yes
configure:12917: checking whether the f77 linker (/usr/bin/ld -m elf_x86_64) supports shared libraries
configure:13689: result: yes
configure:13760: checking how to hardcode library paths into programs
configure:13785: result: immediate
configure:13799: checking whether stripping libraries is possible
configure:13804: result: yes
configure:13826: checking dynamic linker characteristics
configure:14337: result: GNU/Linux ld.so
configure:18237: checking for a BSD-compatible install
configure:18291: result: /usr/bin/install -c
configure:18306: checking for ANSI C header files
configure:18456: result: yes
configure:18485: checking arpa/inet.h usability
configure:18498: gcc -c -g -O2  conftest.c >&5
configure:18501: $? = 0
configure:18504: test -s conftest.o
configure:18507: $? = 0
configure:18517: result: yes
configure:18521: checking arpa/inet.h presence
configure:18532: gcc -E  conftest.c
configure:18538: $? = 0
configure:18557: result: yes
configure:18593: checking for arpa/inet.h
configure:18600: result: yes
configure:18485: checking netdb.h usability
configure:18498: gcc -c -g -O2  conftest.c >&5
configure:18501: $? = 0
configure:18504: test -s conftest.o
configure:18507: $? = 0
configure:18517: result: yes
configure:18521: checking netdb.h presence
configure:18532: gcc -E  conftest.c
configure:18538: $? = 0
configure:18557: result: yes
configure:18593: checking for netdb.h
configure:18600: result: yes
configure:18476: checking for stdlib.h
configure:18481: result: yes
configure:18476: checking for string.h
configure:18481: result: yes
configure:18485: checking sys/socket.h usability
configure:18498: gcc -c -g -O2  conftest.c >&5
configure:18501: $? = 0
configure:18504: test -s conftest.o
configure:18507: $? = 0
configure:18517: result: yes
configure:18521: checking sys/socket.h presence
configure:18532: gcc -E  conftest.c
configure:18538: $? = 0
configure:18557: result: yes
configure:18593: checking for sys/socket.h
configure:18600: result: yes
configure:18476: checking for unistd.h
configure:18481: result: yes
configure:18615: checking for stdbool.h that conforms to C99
configure:18669: gcc -c -g -O2  conftest.c >&5
configure:18675:9: warning: variably modified 'd' at file scope
   { (eval echo "$as_me:$LINENO: \"$ac_try\"") >&5
         ^
configure:18677:9: warning: variably modified 'f' at file scope
   ac_status=$?
         ^
configure:18672: $? = 0
configure:18675: test -s conftest.o
configure:18678: $? = 0
configure:18689: result: yes
configure:18691: checking for _Bool
configure:18716: gcc -c -g -O2  conftest.c >&5
configure:18719: $? = 0
configure:18722: test -s conftest.o
configure:18725: $? = 0
configure:18736: result: yes
configure:18755: checking for an ANSI C-conforming const
configure:18823: gcc -c -g -O2  conftest.c >&5
configure:18826: $? = 0
configure:18829: test -s conftest.o
configure:18832: $? = 0
configure:18843: result: yes
configure:18853: checking for size_t
configure:18878: gcc -c -g -O2  conftest.c >&5
configure:18881: $? = 0
configure:18884: test -s conftest.o
configure:18887: $? = 0
configure:18898: result: yes
configure:18924: checking for gethostbyname
configure:18974: gcc -o conftest -g -O2   conftest.c  >&5
configure:18977: $? = 0
configure:18980: test -s conftest
configure:18983: $? = 0
configure:18994: result: yes
configure:18924: checking for inet_ntoa
configure:18974: gcc -o conftest -g -O2   conftest.c  >&5
configure:18977: $? = 0
configure:18980: test -s conftest
configure:18983: $? = 0
configure:18994: result: yes
configure:18924: checking for memset
configure:18974: gcc -o conftest -g -O2   conftest.c  >&5
configure:18978:6: warning: conflicting types for built-in function 'memset'
   (exit $ac_status); } &&
      ^
configure:18977: $? = 0
configure:18980: test -s conftest
configure:18983: $? = 0
configure:18994: result: yes
configure:18924: checking for select
configure:18974: gcc -o conftest -g -O2   conftest.c  >&5
configure:18977: $? = 0
configure:18980: test -s conftest
configure:18983: $? = 0
configure:18994: result: yes
configure:18924: checking for socket
configure:18974: gcc -o conftest -g -O2   conftest.c  >&5
configure:18977: $? = 0
configure:18980: test -s conftest
configure:18983: $? = 0
configure:18994: result: yes
configure:18924: checking for strcasecmp
configure:18974: gcc -o conftest -g -O2   conftest.c  >&5
configure:18981:6: warning: conflicting types for built-in function 'strcasecmp'
   (eval $ac_try) 2>&5
      ^
configure:18977: $? = 0
configure:18980: test -s conftest
configure:18983: $? = 0
configure:18994: result: yes
configure:18924: checking for strchr
configure:18974: gcc -o conftest -g -O2   conftest.c  >&5
configure:18982:6: warning: conflicting types for built-in function 'strchr'
   ac_status=$?
      ^
configure:18977: $? = 0
configure:18980: test -s conftest
configure:18983: $? = 0
configure:18994: result: yes
configure:18924: checking for strdup
configure:18974: gcc -o conftest -g -O2   conftest.c  >&5
configure:18983:6: warning: conflicting types for built-in function 'strdup'
   echo "$as_me:$LINENO: \$? = $ac_status" >&5
      ^
configure:18977: $? = 0
configure:18980: test -s conftest
configure:18983: $? = 0
configure:18994: result: yes
configure:18924: checking for strstr
configure:18974: gcc -o conftest -g -O2   conftest.c  >&5
configure:18984:6: warning: conflicting types for built-in function 'strstr'
   (exit $ac_status); }; }; then
      ^
configure:18977: $? = 0
configure:18980: test -s conftest
configure:18983: $? = 0
configure:18994: result: yes
configure:19004: checking for library containing gethostbyname
configure:19035: gcc -o conftest -g -O2   conftest.c  >&5
configure:19038: $? = 0
configure:19041: test -s conftest
configure:19044: $? = 0
configure:19103: result: none required
configure:19110: checking for library containing socket
configure:19141: gcc -o conftest -g -O2   conftest.c  >&5
configure:19144: $? = 0
configure:19147: test -s conftest
configure:19150: $? = 0
configure:19209: result: none required
configure:19336: creating ./config.status

## ---------------------- ##
## Running config.status. ##
## ---------------------- ##

This file was extended by config.status, which was
generated by GNU Autoconf 2.57.  Invocation command line was

  CONFIG_FILES    = 
  CONFIG_HEADERS  = 
  CONFIG_LINKS    = 
  CONFIG_COMMANDS = 
  $ ./config.status 

on Lily

config.status:683: creating Makefile
config.status:683: creating pursuitbase/Makefile
config.status:787: creating config.h
config.status:926: config.h is unchanged
config.status:1048: executing depfiles commands

## ---------------- ##
## Cache variables. ##
## ---------------- ##

ac_cv_build=x86_64-unknown-linux-gnu
ac_cv_build_alias=x86_64-unknown-linux-gnu
ac_cv_c_compiler_gnu=yes
ac_cv_c_const=yes
ac_cv_cxx_compiler_gnu=yes
ac_cv_env_CC_set=
ac_cv_env_CC_value=
ac_cv_env_CFLAGS_set=
ac_cv_env_CFLAGS_value=
ac_cv_env_CPPFLAGS_set=
ac_cv_env_CPPFLAGS_value=
ac_cv_env_CPP_set=
ac_cv_env_CPP_value=
ac_cv_env_CXXCPP_set=
ac_cv_env_CXXCPP_value=
ac_cv_env_CXXFLAGS_set=
ac_cv_env_CXXFLAGS_value=
ac_cv_env_CXX_set=
ac_cv_env_CXX_value=
ac_cv_env_F77_set=
ac_cv_env_F77_value=
ac_cv_env_FFLAGS_set=
ac_cv_env_FFLAGS_value=
ac_cv_env_LDFLAGS_set=
ac_cv_env_LDFLAGS_value=
ac_cv_env_build_alias_set=
ac_cv_env_build_alias_value=
ac_cv_env_host_alias_set=
ac_cv_env_host_alias_value=
ac_cv_env_target_alias_set=
ac_cv_env_target_alias_value=
ac_cv_exeext=
ac_cv_f77_compiler_gnu=yes
ac_cv_func_gethostbyname=yes
ac_cv_func_inet_ntoa=yes
ac_cv_func_memset=yes
ac_cv_func_select=yes
ac_cv_func_socket=yes
ac_cv_func_strcasecmp=yes
ac_cv_func_strchr=yes
ac_cv_func_strdup=yes
ac_cv_func_strstr=yes
ac_cv_header_arpa_inet_h=yes
ac_cv_header_dlfcn_h=yes
ac_cv_header_inttypes_h=yes
ac_cv_header_memory_h=yes
ac_cv_header_netdb_h=yes
ac_cv_header_stdbool_h=yes
ac_cv_header_stdc=yes
ac_cv_header_stdint_h=yes
ac_cv_header_stdlib_h=yes
ac_cv_header_string_h=yes
ac_cv_header_strings_h=yes
ac_cv_header_sys_socket_h=yes
ac_cv_header_sys_stat_h=yes
ac_cv_header_sys_types_h=yes
ac_cv_header_unistd_h=yes
ac_cv_host=x86_64-unknown-linux-gnu
ac_cv_host_alias=x86_64-unknown-linux-gnu
ac_cv_objext=o
ac_cv_path_install='/usr/bin/install -c'
ac_cv_prog_AWK=gawk
ac_cv_prog_CPP='gcc -E'
ac_cv_prog_CXXCPP='g++ -E'
ac_cv_prog_ac_ct_AR=ar
ac_cv_prog_ac_ct_CC=gcc
ac_cv_prog_ac_ct_CXX=g++
ac_cv_prog_ac_ct_F77=f77
ac_cv_prog_ac_ct_RANLIB=ranlib
ac_cv_prog_ac_ct_STRIP=strip
ac_cv_prog_cc_g=yes
ac_cv_prog_cc_stdc=
ac_cv_prog_cxx_g=yes
ac_cv_prog_egrep='grep -E'
ac_cv_prog_f77_g=yes
ac_cv_prog_make_make_set=yes
ac_cv_search_gethostbyname='none required'
ac_cv_search_socket='none required'
ac_cv_type__Bool=yes
ac_cv_type_size_t=yes
am_cv_CC_dependencies_compiler_type=gcc3
am_cv_CXX_dependencies_compiler_type=gcc3
lt_cv_deplibs_check_method='file_magic ELF [0-9][0-9]*-bit [LM]SB (shared object|dynamic lib )'
lt_cv_file_magic_cmd='$MAGIC_CMD'
lt_cv_file_magic_test_file='/lib/libc.so* /lib/libc-*.so'
lt_cv_ld_reload_flag=-r
lt_cv_objdir=.libs
lt_cv_path_LD=/usr/bin/ld
lt_cv_path_LDCXX='/usr/bin/ld -m elf_x86_64'
lt_cv_path_MAGIC_CMD=/usr/bin/file
lt_cv_path_NM='/usr/bin/nm -B'
lt_cv_path_SED=/bin/sed
lt_cv_prog_compiler_c_o=yes
lt_cv_prog_compiler_c_o_CXX=yes
lt_cv_prog_compiler_c_o_F77=yes
lt_cv_prog_compiler_rtti_exceptions=no
lt_cv_prog_gnu_ld=yes
lt_cv_prog_gnu_ldcxx=no
lt_cv_sys_global_symbol_pipe='sed -n -e '\''s/^.*[ 	]\([ABCDGISTW][ABCDGISTW]*\)[ 	][ 	]*\(\)\([_A-Za-z][_A-Za-z0-9]*\)$/\1 \2\3 \3/p'\'''
lt_cv_sys_global_symbol_to_c_name_address='sed -n -e '\''s/^: \([^ ]*\) $/  {\"\1\", (lt_ptr) 0},/p'\'' -e '\''s/^[BCDEGRST] \([^ ]*\) \([^ ]*\)$/  {"\2", (lt_ptr) \&\2},/p'\'''
lt_cv_sys_global_symbol_to_cdecl='sed -n -e '\''s/^. .* \(.*\)$/extern int \1;/p'\'''
lt_cv_sys_max_cmd_len=32768
lt_lt_cv_prog_compiler_c_o='"yes"'
lt_lt_cv_prog_compiler_c_o_CXX='"yes"'
lt_lt_cv_prog_compiler_c_o_F77='"yes"'
lt_lt_cv_sys_global_symbol_pipe='"sed -n -e '\''s/^.*[ 	]\\([ABCDGISTW][ABCDGISTW]*\\)[ 	][ 	]*\\(\\)\\([_A-Za-z][_A-Za-z0-9]*\\)\$/\\1 \\2\\3 \\3/p'\''"'
lt_lt_cv_sys_global_symbol_to_c_name_address='"sed -n -e '\''s/^: \\([^ ]*\\) \$/  {\\\"\\1\\\", (lt_ptr) 0},/p'\'' -e '\''s/^[BCDEGRST] \\([^ ]*\\) \\([^ ]*\\)\$/  {\"\\2\", (lt_ptr) \\&\\2},/p'\''"'
lt_lt_cv_sys_global_symbol_to_cdecl='"sed -n -e '\''s/^. .* \\(.*\\)\$/extern int \\1;/p'\''"'

## ----------------- ##
## Output variables. ##
## ----------------- ##

ACLOCAL='${SHELL} /home/david/Desktop/pursuit_package-0.9-ua3/pursuitbase/missing --run aclocal-1.7'
AMDEPBACKSLASH='\'
AMDEP_FALSE='#'
AMDEP_TRUE=''
AMTAR='${SHELL} /home/david/Desktop/pursuit_package-0.9-ua3/pursuitbase/missing --run tar'
AR='ar'
AUTOCONF='${SHELL} /home/david/Desktop/pursuit_package-0.9-ua3/pursuitbase/missing --run autoconf'
AUTOHEADER='${SHELL} /home/david/Desktop/pursuit_package-0.9-ua3/pursuitbase/missing --run autoheader'
AUTOMAKE='${SHELL} /home/david/Desktop/pursuit_package-0.9-ua3/pursuitbase/missing --run automake-1.7'
AWK='gawk'
CC='gcc'
CCDEPMODE='depmode=gcc3'
CFLAGS='-g -O2'
CPP='gcc -E'
CPPFLAGS=''
CXX='g++'
CXXCPP='g++ -E'
CXXDEPMODE='depmode=gcc3'
CXXFLAGS='-g -O2'
CYGPATH_W='echo'
DEFS='-DHAVE_CONFIG_H'
DEPDIR='.deps'
ECHO='echo'
ECHO_C=''
ECHO_N='-n'
ECHO_T=''
EGREP='grep -E'
EXEEXT=''
F77='f77'
FFLAGS='-g -O2'
GENERIC_API_VERSION='1.0'
GENERIC_LIBRARY_NAME='pursuitbase'
GENERIC_LIBRARY_VERSION='0:8:0'
GENERIC_RELEASE='0.8'
GENERIC_VERSION='0.8.0'
INSTALL_DATA='${INSTALL} -m 644'
INSTALL_PROGRAM='${INSTALL}'
INSTALL_SCRIPT='${INSTALL}'
INSTALL_STRIP_PROGRAM='${SHELL} $(install_sh) -c -s'
LDFLAGS=''
LIBOBJS=''
LIBS=''
LIBTOOL='$(SHELL) $(top_builddir)/libtool'
LN_S='ln -s'
LTLIBOBJS=''
MAKEINFO='${SHELL} /home/david/Desktop/pursuit_package-0.9-ua3/pursuitbase/missing --run makeinfo'
OBJEXT='o'
PACKAGE='pursuitbase'
PACKAGE_BUGREPORT=''
PACKAGE_NAME=''
PACKAGE_STRING=''
PACKAGE_TARNAME=''
PACKAGE_VERSION=''
PATH_SEPARATOR=':'
RANLIB='ranlib'
SET_MAKE=''
SHELL='/bin/bash'
STRIP='strip'
VERSION='0.8.0'
ac_ct_AR='ar'
ac_ct_CC='gcc'
ac_ct_CXX='g++'
ac_ct_F77='f77'
ac_ct_RANLIB='ranlib'
ac_ct_STRIP='strip'
am__fastdepCC_FALSE='#'
am__fastdepCC_TRUE=''
am__fastdepCXX_FALSE='#'
am__fastdepCXX_TRUE=''
am__include='include'
am__leading_dot='.'
am__quote=''
bindir='${exec_prefix}/bin'
build='x86_64-unknown-linux-gnu'
build_alias=''
build_cpu='x86_64'
build_os='linux-gnu'
build_vendor='unknown'
datadir='${prefix}/share'
exec_prefix='${prefix}'
host='x86_64-unknown-linux-gnu'
host_alias=''
host_cpu='x86_64'
host_os='linux-gnu'
host_vendor='unknown'
includedir='${prefix}/include'
infodir='${prefix}/info'
install_sh='/home/david/Desktop/pursuit_package-0.9-ua3/pursuitbase/install-sh'
libdir='${exec_prefix}/lib'
libexecdir='${exec_prefix}/libexec'
localstatedir='${prefix}/var'
mandir='${prefix}/man'
oldincludedir='/usr/include'
prefix='/usr/local'
program_transform_name='s,x,x,'
sbindir='${exec_prefix}/sbin'
sharedstatedir='${prefix}/com'
sysconfdir='${prefix}/etc'
target_alias=''

## ----------- ##
## confdefs.h. ##
## ----------- ##

#define HAVE_ARPA_INET_H 1
#define HAVE_DLFCN_H 1
#define HAVE_GETHOSTBYNAME 1
#define HAVE_INET_NTOA 1
#define HAVE_INTTYPES_H 1
#define HAVE_MEMORY_H 1
#define HAVE_MEMSET 1
#define HAVE_NETDB_H 1
#define HAVE_SELECT 1
#define HAVE_SOCKET 1
#define HAVE_STDBOOL_H 1
#define HAVE_STDINT_H 1
#define HAVE_STDLIB_H 1
#define HAVE_STDLIB_H 1
#define HAVE_STRCASECMP 1
#define HAVE_STRCHR 1
#define HAVE_STRDUP 1
#define HAVE_STRINGS_H 1
#define HAVE_STRING_H 1
#define HAVE_STRING_H 1
#define HAVE_STRSTR 1
#define HAVE_SYS_SOCKET_H 1
#define HAVE_SYS_STAT_H 1
#define HAVE_SYS_TYPES_H 1
#define HAVE_UNISTD_H 1
#define HAVE_UNISTD_H 1
#define HAVE__BOOL 1
#define PACKAGE_BUGREPORT ""
#define PACKAGE_NAME ""
#define PACKAGE_STRING ""
#define PACKAGE_TARNAME ""
#define PACKAGE_VERSION ""
#define STDC_HEADERS 1
#define STDC_HEADERS 1
#endif
#ifdef __cplusplus
#include <stdlib.h>

configure: exit 0
